<?xml version="1.0" encoding="utf-8"?><testsuites name="pytest tests"><testsuite name="pytest" errors="0" failures="0" skipped="0" tests="35" time="40.450" timestamp="2026-09-14T19:02:19.746577-04:00" hostname="localhost"><testcase classname="tests.test_contracts" name="test_artifact_is_parameterized_and_versioned" time="0.002" /><testcase classname="tests.test_contracts" name="test_input_rejects_invalid_member[12345]" time="0.001" /><testcase classname="tests.test_contracts" name="test_input_rejects_invalid_member[../12]" time="0.001" /><testcase classname="tests.test_contracts" name="test_input_rejects_invalid_member[1234]" time="0.001" /><testcase classname="tests.test_contracts" name="test_input_rejects_invalid_member[123456]" time="0.001" /><testcase classname="tests.test_contracts" name="test_input_rejects_invalid_member[abcde]" time="0.001" /><testcase classname="tests.test_contracts" name="test_outputs_require_decimal_string[NaN]" time="0.001" /><testcase classname="tests.test_contracts" name="test_outputs_require_decimal_string[1e9]" time="0.001" /><testcase classname="tests.test_contracts" name="test_outputs_require_decimal_string[12.345]" time="0.001" /><testcase classname="tests.test_contracts" name="test_outputs_require_decimal_string[12.5]" time="0.001" /><testcase classname="tests.test_contracts" name="test_artifact_rejects_unknown_version_and_duplicate_steps" time="0.002" /><testcase classname="tests.test_contracts" name="test_artifact_loading_error" time="0.006" /><testcase classname="tests.test_contracts" name="test_proposal_cannot_carry_code_or_literal_input" time="0.001" /><testcase classname="tests.test_contracts" name="test_policy_allows_lookup_and_rejects_mutation" time="0.007" /><testcase classname="tests.test_contracts" name="test_policy_blocks_destinations[https://evil.example/]" time="0.005" /><testcase classname="tests.test_contracts" name="test_policy_blocks_destinations[http://127.0.0.1:8000/delete]" time="0.007" /><testcase classname="tests.test_contracts" name="test_policy_blocks_destinations[http://127.0.0.1:8000/?token=secret]" time="0.005" /><testcase classname="tests.test_contracts" name="test_policy_blocks_destinations[http://user:pass@127.0.0.1:8000/]" time="0.005" /><testcase classname="tests.test_contracts" name="test_reauth_is_human_only" time="0.004" /><testcase classname="tests.test_contracts" name="test_redaction_covers_nested_and_configured_data" time="0.006" /><testcase classname="tests.test_contracts" name="test_retry_policy_has_upper_bound" time="0.004" /><testcase classname="tests.test_handoff" name="test_stale_resume_token_is_rejected" time="0.017" /><testcase classname="tests.test_handoff" name="test_handoff_timeout_is_bounded" time="0.073" /><testcase classname="tests.test_handoff" name="test_illegal_ownership_transition" time="0.009" /><testcase classname="tests.test_integration" name="test_replay_with_different_id_and_no_model_import" time="5.828" /><testcase classname="tests.test_integration" name="test_failure_classifications[normal-99999-business_outcome-member_not_found]" time="2.727" /><testcase classname="tests.test_integration" name="test_failure_classifications[permission_denied-67890-hard_failure-PERMISSION_DENIED]" time="3.245" /><testcase classname="tests.test_integration" name="test_failure_classifications[ambiguous-67890-intervention_required-AMBIGUOUS_TARGET]" time="2.695" /><testcase classname="tests.test_integration" name="test_failure_classifications[session_expired-67890-intervention_required-SESSION_EXPIRED]" time="3.128" /><testcase classname="tests.test_integration" name="test_failure_classifications[wrong_member-67890-hard_failure-RECOVERY_EXHAUSTED]" time="5.104" /><testcase classname="tests.test_integration" name="test_failure_classifications[unknown_version-67890-hard_failure-UNSUPPORTED_APP_VERSION]" time="1.790" /><testcase classname="tests.test_integration" name="test_failure_classifications[never_load-67890-hard_failure-RECOVERY_EXHAUSTED]" time="4.751" /><testcase classname="tests.test_integration" name="test_slow_load_recovers" time="4.979" /><testcase classname="tests.test_integration" name="test_same_session_handoff_with_simulated_operator" time="3.888" /><testcase classname="tests.test_integration" name="test_policy_demo_blocks_before_action" time="2.029" /></testsuite></testsuites>